  StructsPracticum.cpp
C:\Users\JonBe\source\repos\StructsPracticum\StructsPracticum\StructsPracticum.cpp(64,23): error C2677: binary '<': no global operator found which takes type 'SalesPerson' (or there is no acceptable conversion)
      C:\Program Files\Microsoft Visual Studio\2022\Community\VC\Tools\MSVC\14.41.34120\include\memory(3709,30):
      could be 'bool std::operator <(std::nullptr_t,const std::unique_ptr<_Ty,_Dx> &)'
          C:\Users\JonBe\source\repos\StructsPracticum\StructsPracticum\StructsPracticum.cpp(64,21):
          'bool std::operator <(std::nullptr_t,const std::unique_ptr<_Ty,_Dx> &)': could not deduce template argument for 'const std::unique_ptr<_Ty,_Dx> &' from 'SalesPerson'
      C:\Program Files\Microsoft Visual Studio\2022\Community\VC\Tools\MSVC\14.41.34120\include\memory(3703,30):
      or       'bool std::operator <(const std::unique_ptr<_Ty,_Dx> &,std::nullptr_t)'
          C:\Users\JonBe\source\repos\StructsPracticum\StructsPracticum\StructsPracticum.cpp(64,21):
          'bool std::operator <(const std::unique_ptr<_Ty,_Dx> &,std::nullptr_t)': could not deduce template argument for 'const std::unique_ptr<_Ty,_Dx> &' from 'int'
      C:\Program Files\Microsoft Visual Studio\2022\Community\VC\Tools\MSVC\14.41.34120\include\memory(3645,17):
      or       'bool std::operator <(const std::unique_ptr<_Ty,_Dx> &,const std::unique_ptr<_Ty2,_Dx2> &)'
          C:\Users\JonBe\source\repos\StructsPracticum\StructsPracticum\StructsPracticum.cpp(64,21):
          'bool std::operator <(const std::unique_ptr<_Ty,_Dx> &,const std::unique_ptr<_Ty2,_Dx2> &)': could not deduce template argument for 'const std::unique_ptr<_Ty,_Dx> &' from 'int'
      C:\Program Files\Microsoft Visual Studio\2022\Community\VC\Tools\MSVC\14.41.34120\include\memory(1943,17):
      or       'bool std::operator <(std::nullptr_t,const std::shared_ptr<_Ty> &) noexcept'
          C:\Users\JonBe\source\repos\StructsPracticum\StructsPracticum\StructsPracticum.cpp(64,21):
          'bool std::operator <(std::nullptr_t,const std::shared_ptr<_Ty> &) noexcept': could not deduce template argument for 'const std::shared_ptr<_Ty> &' from 'SalesPerson'
      C:\Program Files\Microsoft Visual Studio\2022\Community\VC\Tools\MSVC\14.41.34120\include\memory(1938,17):
      or       'bool std::operator <(const std::shared_ptr<_Ty> &,std::nullptr_t) noexcept'
          C:\Users\JonBe\source\repos\StructsPracticum\StructsPracticum\StructsPracticum.cpp(64,21):
          'bool std::operator <(const std::shared_ptr<_Ty> &,std::nullptr_t) noexcept': could not deduce template argument for 'const std::shared_ptr<_Ty> &' from 'int'
      C:\Program Files\Microsoft Visual Studio\2022\Community\VC\Tools\MSVC\14.41.34120\include\memory(1891,17):
      or       'bool std::operator <(const std::shared_ptr<_Ty> &,const std::shared_ptr<_Ty0> &) noexcept'
          C:\Users\JonBe\source\repos\StructsPracticum\StructsPracticum\StructsPracticum.cpp(64,21):
          'bool std::operator <(const std::shared_ptr<_Ty> &,const std::shared_ptr<_Ty0> &) noexcept': could not deduce template argument for 'const std::shared_ptr<_Ty> &' from 'int'
      C:\Program Files\Microsoft Visual Studio\2022\Community\VC\Tools\MSVC\14.41.34120\include\xstring(3294,17):
      or       'bool std::operator <(const std::basic_string<_Elem,_Traits,_Alloc> &,const _Elem *const ) noexcept'
          C:\Users\JonBe\source\repos\StructsPracticum\StructsPracticum\StructsPracticum.cpp(64,21):
          'bool std::operator <(const std::basic_string<_Elem,_Traits,_Alloc> &,const _Elem *const ) noexcept': could not deduce template argument for 'const std::basic_string<_Elem,_Traits,_Alloc> &' from 'int'
      C:\Program Files\Microsoft Visual Studio\2022\Community\VC\Tools\MSVC\14.41.34120\include\xstring(3288,17):
      or       'bool std::operator <(const _Elem *const ,const std::basic_string<_Elem,_Traits,_Alloc> &) noexcept'
          C:\Users\JonBe\source\repos\StructsPracticum\StructsPracticum\StructsPracticum.cpp(64,21):
          'bool std::operator <(const _Elem *const ,const std::basic_string<_Elem,_Traits,_Alloc> &) noexcept': could not deduce template argument for 'const _Elem *const ' from 'int'
      C:\Program Files\Microsoft Visual Studio\2022\Community\VC\Tools\MSVC\14.41.34120\include\xstring(3282,17):
      or       'bool std::operator <(const std::basic_string<_Elem,_Traits,_Alloc> &,const std::basic_string<_Elem,_Traits,_Alloc> &) noexcept'
          C:\Users\JonBe\source\repos\StructsPracticum\StructsPracticum\StructsPracticum.cpp(64,21):
          'bool std::operator <(const std::basic_string<_Elem,_Traits,_Alloc> &,const std::basic_string<_Elem,_Traits,_Alloc> &) noexcept': could not deduce template argument for 'const std::basic_string<_Elem,_Traits,_Alloc> &' from 'int'
      C:\Program Files\Microsoft Visual Studio\2022\Community\VC\Tools\MSVC\14.41.34120\include\xutility(4396,5):
      or       'bool std::operator <(const std::move_iterator<_Iter> &,const std::move_iterator<_Iter2> &) noexcept(<expr>)'
          C:\Users\JonBe\source\repos\StructsPracticum\StructsPracticum\StructsPracticum.cpp(64,21):
          'bool std::operator <(const std::move_iterator<_Iter> &,const std::move_iterator<_Iter2> &) noexcept(<expr>)': could not deduce template argument for 'const std::move_iterator<_Iter> &' from 'int'
      C:\Program Files\Microsoft Visual Studio\2022\Community\VC\Tools\MSVC\14.41.34120\include\xutility(1852,5):
      or       'bool std::operator <(const std::reverse_iterator<_BidIt> &,const std::reverse_iterator<_BidIt2> &) noexcept(<expr>)'
          C:\Users\JonBe\source\repos\StructsPracticum\StructsPracticum\StructsPracticum.cpp(64,21):
          'bool std::operator <(const std::reverse_iterator<_BidIt> &,const std::reverse_iterator<_BidIt2> &) noexcept(<expr>)': could not deduce template argument for 'const std::reverse_iterator<_BidIt> &' from 'int'
      C:\Program Files\Microsoft Visual Studio\2022\Community\VC\Tools\MSVC\14.41.34120\include\utility(504,27):
      or       'bool std::operator <(const std::pair<_Ty1,_Ty2> &,const std::pair<_Uty1,_Uty2> &)'
          C:\Users\JonBe\source\repos\StructsPracticum\StructsPracticum\StructsPracticum.cpp(64,21):
          'bool std::operator <(const std::pair<_Ty1,_Ty2> &,const std::pair<_Uty1,_Uty2> &)': could not deduce template argument for 'const std::pair<_Ty1,_Ty2> &' from 'int'
  
C:\Users\JonBe\source\repos\StructsPracticum\StructsPracticum\StructsPracticum.cpp(66,24): error C2297: '+=': not valid as right operand has type 'double [4]'
C:\Users\JonBe\source\repos\StructsPracticum\StructsPracticum\StructsPracticum.cpp(66,24): error C2440: '+=': cannot convert from 'double [4]' to 'double'
C:\Users\JonBe\source\repos\StructsPracticum\StructsPracticum\StructsPracticum.cpp(68,16): warning C4244: 'return': conversion from 'double' to 'int', possible loss of data
C:\Users\JonBe\source\repos\StructsPracticum\StructsPracticum\StructsPracticum.cpp(126,13): error C2065: 'quarterlyTotal': undeclared identifier
C:\Users\JonBe\source\repos\StructsPracticum\StructsPracticum\StructsPracticum.cpp(132,13): error C2065: 'quarterlyTotal': undeclared identifier
C:\Users\JonBe\source\repos\StructsPracticum\StructsPracticum\StructsPracticum.cpp(132,28): error C2065: 'q': undeclared identifier
C:\Users\JonBe\source\repos\StructsPracticum\StructsPracticum\StructsPracticum.cpp(182,59): error C2065: 'quarterlySalesTotal': undeclared identifier
